CRITICAL - 2023-10-12 14:49:19 --> syntax error, unexpected token "endforeach", expecting end of file
in APPPATH\Views\users.php on line 29.
 1 SYSTEMPATH\View\View.php(229): CodeIgniter\View\View->CodeIgniter\View\{closure}()
 2 SYSTEMPATH\Common.php(1188): CodeIgniter\View\View->render('users', [], true)
 3 APPPATH\Controllers\UserController.php(20): view('users', [...])
 4 SYSTEMPATH\CodeIgniter.php(919): App\Controllers\UserController->index()
 5 SYSTEMPATH\CodeIgniter.php(494): CodeIgniter\CodeIgniter->runController(Object(App\Controllers\UserController))
 6 SYSTEMPATH\CodeIgniter.php(353): CodeIgniter\CodeIgniter->handleRequest(null, Object(Config\Cache), false)
 7 FCPATH\index.php(79): CodeIgniter\CodeIgniter->run()
 8 SYSTEMPATH\Commands\Server\rewrite.php(47): require_once('C:\\teste_api_codeigniter\\public\\index.php')
CRITICAL - 2023-10-12 14:50:22 --> syntax error, unexpected token "endforeach", expecting end of file
in APPPATH\Views\users.php on line 29.
 1 SYSTEMPATH\View\View.php(229): CodeIgniter\View\View->CodeIgniter\View\{closure}()
 2 SYSTEMPATH\Common.php(1188): CodeIgniter\View\View->render('users', [], true)
 3 APPPATH\Controllers\UserController.php(20): view('users', [...])
 4 SYSTEMPATH\CodeIgniter.php(919): App\Controllers\UserController->index()
 5 SYSTEMPATH\CodeIgniter.php(494): CodeIgniter\CodeIgniter->runController(Object(App\Controllers\UserController))
 6 SYSTEMPATH\CodeIgniter.php(353): CodeIgniter\CodeIgniter->handleRequest(null, Object(Config\Cache), false)
 7 FCPATH\index.php(79): CodeIgniter\CodeIgniter->run()
 8 SYSTEMPATH\Commands\Server\rewrite.php(47): require_once('C:\\teste_api_codeigniter\\public\\index.php')
CRITICAL - 2023-10-12 14:50:25 --> syntax error, unexpected token "endforeach", expecting end of file
in APPPATH\Views\users.php on line 29.
 1 SYSTEMPATH\View\View.php(229): CodeIgniter\View\View->CodeIgniter\View\{closure}()
 2 SYSTEMPATH\Common.php(1188): CodeIgniter\View\View->render('users', [], true)
 3 APPPATH\Controllers\UserController.php(20): view('users', [...])
 4 SYSTEMPATH\CodeIgniter.php(919): App\Controllers\UserController->index()
 5 SYSTEMPATH\CodeIgniter.php(494): CodeIgniter\CodeIgniter->runController(Object(App\Controllers\UserController))
 6 SYSTEMPATH\CodeIgniter.php(353): CodeIgniter\CodeIgniter->handleRequest(null, Object(Config\Cache), false)
 7 FCPATH\index.php(79): CodeIgniter\CodeIgniter->run()
 8 SYSTEMPATH\Commands\Server\rewrite.php(47): require_once('C:\\teste_api_codeigniter\\public\\index.php')
CRITICAL - 2023-10-12 14:51:09 --> Attempt to read property "name_or_fantasy" on array
in APPPATH\Views\users.php on line 25.
 1 APPPATH\Views\users.php(25): CodeIgniter\Debug\Exceptions->errorHandler(2, 'Attempt to read property "name_or_fantasy" on array', 'C:\\teste_api_codeigniter\\app\\Views\\users.php', 25)
 2 SYSTEMPATH\View\View.php(226): include('C:\\teste_api_codeigniter\\app\\Views\\users.php')
 3 SYSTEMPATH\View\View.php(229): CodeIgniter\View\View->CodeIgniter\View\{closure}()
 4 SYSTEMPATH\Common.php(1188): CodeIgniter\View\View->render('users', [], true)
 5 APPPATH\Controllers\UserController.php(20): view('users', [...])
 6 SYSTEMPATH\CodeIgniter.php(919): App\Controllers\UserController->index()
 7 SYSTEMPATH\CodeIgniter.php(494): CodeIgniter\CodeIgniter->runController(Object(App\Controllers\UserController))
 8 SYSTEMPATH\CodeIgniter.php(353): CodeIgniter\CodeIgniter->handleRequest(null, Object(Config\Cache), false)
 9 FCPATH\index.php(79): CodeIgniter\CodeIgniter->run()
10 SYSTEMPATH\Commands\Server\rewrite.php(47): require_once('C:\\teste_api_codeigniter\\public\\index.php')
CRITICAL - 2023-10-12 14:51:10 --> Attempt to read property "name_or_fantasy" on array
in APPPATH\Views\users.php on line 25.
 1 APPPATH\Views\users.php(25): CodeIgniter\Debug\Exceptions->errorHandler(2, 'Attempt to read property "name_or_fantasy" on array', 'C:\\teste_api_codeigniter\\app\\Views\\users.php', 25)
 2 SYSTEMPATH\View\View.php(226): include('C:\\teste_api_codeigniter\\app\\Views\\users.php')
 3 SYSTEMPATH\View\View.php(229): CodeIgniter\View\View->CodeIgniter\View\{closure}()
 4 SYSTEMPATH\Common.php(1188): CodeIgniter\View\View->render('users', [], true)
 5 APPPATH\Controllers\UserController.php(20): view('users', [...])
 6 SYSTEMPATH\CodeIgniter.php(919): App\Controllers\UserController->index()
 7 SYSTEMPATH\CodeIgniter.php(494): CodeIgniter\CodeIgniter->runController(Object(App\Controllers\UserController))
 8 SYSTEMPATH\CodeIgniter.php(353): CodeIgniter\CodeIgniter->handleRequest(null, Object(Config\Cache), false)
 9 FCPATH\index.php(79): CodeIgniter\CodeIgniter->run()
10 SYSTEMPATH\Commands\Server\rewrite.php(47): require_once('C:\\teste_api_codeigniter\\public\\index.php')
CRITICAL - 2023-10-12 22:46:40 --> Declaration of App\Controllers\User::edit() must be compatible with CodeIgniter\RESTful\ResourceController::edit($id = null)
in APPPATH\Controllers\UserController.php on line 23.
 1 [internal function]: CodeIgniter\Debug\Exceptions->shutdownHandler()
