CRITICAL - 2023-10-10 20:44:58 --> The framework needs the following extension(s) installed and loaded: intl.
in SYSTEMPATH\CodeIgniter.php on line 246.
 1 SYSTEMPATH\CodeIgniter.php(246): CodeIgniter\Exceptions\FrameworkException::forMissingExtension('intl')
 2 SYSTEMPATH\CodeIgniter.php(210): CodeIgniter\CodeIgniter->resolvePlatformExtensions()
 3 ROOTPATH\spark(88): CodeIgniter\CodeIgniter->initialize()
CRITICAL - 2023-10-10 20:44:59 --> Uncaught Error: Class "Locale" not found in C:\teste_api_codeigniter\system\I18n\TimeTrait.php:74
Stack trace:
#0 C:\teste_api_codeigniter\system\I18n\TimeTrait.php(115): CodeIgniter\I18n\Time->__construct(NULL, NULL, NULL)
#1 C:\teste_api_codeigniter\system\HTTP\ResponseTrait.php(468): CodeIgniter\I18n\Time::now()
#2 C:\teste_api_codeigniter\system\HTTP\ResponseTrait.php(446): CodeIgniter\HTTP\Response->sendHeaders()
#3 C:\teste_api_codeigniter\system\Debug\ExceptionHandler.php(78): CodeIgniter\HTTP\Response->send()
#4 C:\teste_api_codeigniter\system\Debug\Exceptions.php(147): CodeIgniter\Debug\ExceptionHandler->handle(Object(CodeIgniter\Exceptions\FrameworkException), Object(CodeIgniter\HTTP\IncomingRequest), Object(CodeIgniter\HTTP\Response), 500, 1)
#5 [internal function]: CodeIgniter\Debug\Exceptions->exceptionHandler(Object(CodeIgniter\Exceptions\FrameworkException))
#6 {main}
  thrown
【Previous Exception】
CodeIgniter\Exceptions\FrameworkException
The framework needs the following extension(s) installed and loaded: intl.
#0 C:\teste_api_codeigniter\system\CodeIgniter.php(246): CodeIgniter\Exceptions\FrameworkException::forMissingExtension('intl')
#1 C:\teste_api_codeigniter\system\CodeIgniter.php(210): CodeIgniter\CodeIgniter->resolvePlatformExtensions()
#2 C:\teste_api_codeigniter\spark(88): CodeIgniter\CodeIgniter->initialize()
#3 {main}
in SYSTEMPATH\I18n\TimeTrait.php on line 74.
 1 [internal function]: CodeIgniter\Debug\Exceptions->shutdownHandler()
CRITICAL - 2023-10-10 20:47:55 --> The framework needs the following extension(s) installed and loaded: intl.
in SYSTEMPATH\CodeIgniter.php on line 246.
 1 SYSTEMPATH\CodeIgniter.php(246): CodeIgniter\Exceptions\FrameworkException::forMissingExtension('intl')
 2 SYSTEMPATH\CodeIgniter.php(210): CodeIgniter\CodeIgniter->resolvePlatformExtensions()
 3 ROOTPATH\spark(88): CodeIgniter\CodeIgniter->initialize()
CRITICAL - 2023-10-10 20:47:55 --> Uncaught Error: Class "Locale" not found in C:\teste_api_codeigniter\system\I18n\TimeTrait.php:74
Stack trace:
#0 C:\teste_api_codeigniter\system\I18n\TimeTrait.php(115): CodeIgniter\I18n\Time->__construct(NULL, NULL, NULL)
#1 C:\teste_api_codeigniter\system\HTTP\ResponseTrait.php(468): CodeIgniter\I18n\Time::now()
#2 C:\teste_api_codeigniter\system\HTTP\ResponseTrait.php(446): CodeIgniter\HTTP\Response->sendHeaders()
#3 C:\teste_api_codeigniter\system\Debug\ExceptionHandler.php(78): CodeIgniter\HTTP\Response->send()
#4 C:\teste_api_codeigniter\system\Debug\Exceptions.php(147): CodeIgniter\Debug\ExceptionHandler->handle(Object(CodeIgniter\Exceptions\FrameworkException), Object(CodeIgniter\HTTP\IncomingRequest), Object(CodeIgniter\HTTP\Response), 500, 1)
#5 [internal function]: CodeIgniter\Debug\Exceptions->exceptionHandler(Object(CodeIgniter\Exceptions\FrameworkException))
#6 {main}
  thrown
【Previous Exception】
CodeIgniter\Exceptions\FrameworkException
The framework needs the following extension(s) installed and loaded: intl.
#0 C:\teste_api_codeigniter\system\CodeIgniter.php(246): CodeIgniter\Exceptions\FrameworkException::forMissingExtension('intl')
#1 C:\teste_api_codeigniter\system\CodeIgniter.php(210): CodeIgniter\CodeIgniter->resolvePlatformExtensions()
#2 C:\teste_api_codeigniter\spark(88): CodeIgniter\CodeIgniter->initialize()
#3 {main}
in SYSTEMPATH\I18n\TimeTrait.php on line 74.
 1 [internal function]: CodeIgniter\Debug\Exceptions->shutdownHandler()
