CRITICAL - 2023-10-11 18:47:25 --> Class "App\Controllers\UserModel" not found
in APPPATH\Controllers\User.php on line 13.
 1 SYSTEMPATH\CodeIgniter.php(891): App\Controllers\User->__construct()
 2 SYSTEMPATH\CodeIgniter.php(485): CodeIgniter\CodeIgniter->createController()
 3 SYSTEMPATH\CodeIgniter.php(353): CodeIgniter\CodeIgniter->handleRequest(null, Object(Config\Cache), false)
 4 FCPATH\index.php(79): CodeIgniter\CodeIgniter->run()
 5 SYSTEMPATH\Commands\Server\rewrite.php(47): require_once('C:\\teste_api_codeigniter\\public\\index.php')
CRITICAL - 2023-10-11 18:48:12 --> Class "App\Controllers\UserModel" not found
in APPPATH\Controllers\UserController.php on line 13.
 1 SYSTEMPATH\CodeIgniter.php(891): App\Controllers\UserController->__construct()
 2 SYSTEMPATH\CodeIgniter.php(485): CodeIgniter\CodeIgniter->createController()
 3 SYSTEMPATH\CodeIgniter.php(353): CodeIgniter\CodeIgniter->handleRequest(null, Object(Config\Cache), false)
 4 FCPATH\index.php(79): CodeIgniter\CodeIgniter->run()
 5 SYSTEMPATH\Commands\Server\rewrite.php(47): require_once('C:\\teste_api_codeigniter\\public\\index.php')
CRITICAL - 2023-10-11 18:49:04 --> Class "CodeIgniter\Database\pgsql\Connection" not found
in SYSTEMPATH\Database\Database.php on line 137.
 1 SYSTEMPATH\Database\Database.php(55): CodeIgniter\Database\Database->initDriver('pgsql', 'Connection', [...])
 2 SYSTEMPATH\Database\Config.php(81): CodeIgniter\Database\Database->load([...], 'default')
 3 SYSTEMPATH\Model.php(151): CodeIgniter\Database\Config::connect('default')
 4 APPPATH\Controllers\UserController.php(14): CodeIgniter\Model->__construct()
 5 SYSTEMPATH\CodeIgniter.php(891): App\Controllers\UserController->__construct()
 6 SYSTEMPATH\CodeIgniter.php(485): CodeIgniter\CodeIgniter->createController()
 7 SYSTEMPATH\CodeIgniter.php(353): CodeIgniter\CodeIgniter->handleRequest(null, Object(Config\Cache), false)
 8 FCPATH\index.php(79): CodeIgniter\CodeIgniter->run()
 9 SYSTEMPATH\Commands\Server\rewrite.php(47): require_once('C:\\teste_api_codeigniter\\public\\index.php')
CRITICAL - 2023-10-11 18:55:55 --> Class "CodeIgniter\Database\pgsql\Connection" not found
in SYSTEMPATH\Database\Database.php on line 137.
 1 SYSTEMPATH\Database\Database.php(55): CodeIgniter\Database\Database->initDriver('pgsql', 'Connection', [...])
 2 SYSTEMPATH\Database\Config.php(81): CodeIgniter\Database\Database->load([...], 'default')
 3 SYSTEMPATH\Model.php(151): CodeIgniter\Database\Config::connect('default')
 4 APPPATH\Controllers\UserController.php(14): CodeIgniter\Model->__construct()
 5 SYSTEMPATH\CodeIgniter.php(891): App\Controllers\UserController->__construct()
 6 SYSTEMPATH\CodeIgniter.php(485): CodeIgniter\CodeIgniter->createController()
 7 SYSTEMPATH\CodeIgniter.php(353): CodeIgniter\CodeIgniter->handleRequest(null, Object(Config\Cache), false)
 8 FCPATH\index.php(79): CodeIgniter\CodeIgniter->run()
 9 SYSTEMPATH\Commands\Server\rewrite.php(47): require_once('C:\\teste_api_codeigniter\\public\\index.php')
CRITICAL - 2023-10-11 18:57:14 --> Class "CodeIgniter\Database\pgsql\Connection" not found
in SYSTEMPATH\Database\Database.php on line 137.
 1 SYSTEMPATH\Database\Database.php(55): CodeIgniter\Database\Database->initDriver('pgsql', 'Connection', [...])
 2 SYSTEMPATH\Database\Config.php(81): CodeIgniter\Database\Database->load([...], 'default')
 3 SYSTEMPATH\Model.php(151): CodeIgniter\Database\Config::connect('default')
 4 APPPATH\Controllers\UserController.php(14): CodeIgniter\Model->__construct()
 5 SYSTEMPATH\CodeIgniter.php(891): App\Controllers\UserController->__construct()
 6 SYSTEMPATH\CodeIgniter.php(485): CodeIgniter\CodeIgniter->createController()
 7 SYSTEMPATH\CodeIgniter.php(353): CodeIgniter\CodeIgniter->handleRequest(null, Object(Config\Cache), false)
 8 FCPATH\index.php(79): CodeIgniter\CodeIgniter->run()
 9 SYSTEMPATH\Commands\Server\rewrite.php(47): require_once('C:\\teste_api_codeigniter\\public\\index.php')
CRITICAL - 2023-10-11 18:57:16 --> Class "CodeIgniter\Database\pgsql\Connection" not found
in SYSTEMPATH\Database\Database.php on line 137.
 1 SYSTEMPATH\Database\Database.php(55): CodeIgniter\Database\Database->initDriver('pgsql', 'Connection', [...])
 2 SYSTEMPATH\Database\Config.php(81): CodeIgniter\Database\Database->load([...], 'default')
 3 SYSTEMPATH\Model.php(151): CodeIgniter\Database\Config::connect('default')
 4 APPPATH\Controllers\UserController.php(14): CodeIgniter\Model->__construct()
 5 SYSTEMPATH\CodeIgniter.php(891): App\Controllers\UserController->__construct()
 6 SYSTEMPATH\CodeIgniter.php(485): CodeIgniter\CodeIgniter->createController()
 7 SYSTEMPATH\CodeIgniter.php(353): CodeIgniter\CodeIgniter->handleRequest(null, Object(Config\Cache), false)
 8 FCPATH\index.php(79): CodeIgniter\CodeIgniter->run()
 9 SYSTEMPATH\Commands\Server\rewrite.php(47): require_once('C:\\teste_api_codeigniter\\public\\index.php')
CRITICAL - 2023-10-11 18:58:41 --> Class "CodeIgniter\Database\pgsql\Connection" not found
in SYSTEMPATH\Database\Database.php on line 137.
 1 SYSTEMPATH\Database\Database.php(55): CodeIgniter\Database\Database->initDriver('pgsql', 'Connection', [...])
 2 SYSTEMPATH\Database\Config.php(81): CodeIgniter\Database\Database->load([...], 'default')
 3 SYSTEMPATH\Model.php(151): CodeIgniter\Database\Config::connect('default')
 4 APPPATH\Controllers\UserController.php(14): CodeIgniter\Model->__construct()
 5 SYSTEMPATH\CodeIgniter.php(891): App\Controllers\UserController->__construct()
 6 SYSTEMPATH\CodeIgniter.php(485): CodeIgniter\CodeIgniter->createController()
 7 SYSTEMPATH\CodeIgniter.php(353): CodeIgniter\CodeIgniter->handleRequest(null, Object(Config\Cache), false)
 8 FCPATH\index.php(79): CodeIgniter\CodeIgniter->run()
 9 SYSTEMPATH\Commands\Server\rewrite.php(47): require_once('C:\\teste_api_codeigniter\\public\\index.php')
CRITICAL - 2023-10-11 18:58:43 --> Class "CodeIgniter\Database\pgsql\Connection" not found
in SYSTEMPATH\Database\Database.php on line 137.
 1 SYSTEMPATH\Database\Database.php(55): CodeIgniter\Database\Database->initDriver('pgsql', 'Connection', [...])
 2 SYSTEMPATH\Database\Config.php(81): CodeIgniter\Database\Database->load([...], 'default')
 3 SYSTEMPATH\Model.php(151): CodeIgniter\Database\Config::connect('default')
 4 APPPATH\Controllers\UserController.php(14): CodeIgniter\Model->__construct()
 5 SYSTEMPATH\CodeIgniter.php(891): App\Controllers\UserController->__construct()
 6 SYSTEMPATH\CodeIgniter.php(485): CodeIgniter\CodeIgniter->createController()
 7 SYSTEMPATH\CodeIgniter.php(353): CodeIgniter\CodeIgniter->handleRequest(null, Object(Config\Cache), false)
 8 FCPATH\index.php(79): CodeIgniter\CodeIgniter->run()
 9 SYSTEMPATH\Commands\Server\rewrite.php(47): require_once('C:\\teste_api_codeigniter\\public\\index.php')
CRITICAL - 2023-10-11 19:00:42 --> Class "CodeIgniter\Database\pgsql\Connection" not found
in SYSTEMPATH\Database\Database.php on line 137.
 1 SYSTEMPATH\Database\Database.php(55): CodeIgniter\Database\Database->initDriver('pgsql', 'Connection', [...])
 2 SYSTEMPATH\Database\Config.php(81): CodeIgniter\Database\Database->load([...], 'default')
 3 SYSTEMPATH\Model.php(151): CodeIgniter\Database\Config::connect('default')
 4 APPPATH\Controllers\UserController.php(14): CodeIgniter\Model->__construct()
 5 SYSTEMPATH\CodeIgniter.php(891): App\Controllers\UserController->__construct()
 6 SYSTEMPATH\CodeIgniter.php(485): CodeIgniter\CodeIgniter->createController()
 7 SYSTEMPATH\CodeIgniter.php(353): CodeIgniter\CodeIgniter->handleRequest(null, Object(Config\Cache), false)
 8 FCPATH\index.php(79): CodeIgniter\CodeIgniter->run()
 9 SYSTEMPATH\Commands\Server\rewrite.php(47): require_once('C:\\teste_api_codeigniter\\public\\index.php')
CRITICAL - 2023-10-11 19:03:42 --> Class "CodeIgniter\Database\pgsql\Connection" not found
in SYSTEMPATH\Database\Database.php on line 137.
 1 SYSTEMPATH\Database\Database.php(55): CodeIgniter\Database\Database->initDriver('pgsql', 'Connection', [...])
 2 SYSTEMPATH\Database\Config.php(81): CodeIgniter\Database\Database->load([...], 'default')
 3 SYSTEMPATH\Model.php(151): CodeIgniter\Database\Config::connect('default')
 4 APPPATH\Controllers\UserController.php(14): CodeIgniter\Model->__construct()
 5 SYSTEMPATH\CodeIgniter.php(891): App\Controllers\UserController->__construct()
 6 SYSTEMPATH\CodeIgniter.php(485): CodeIgniter\CodeIgniter->createController()
 7 SYSTEMPATH\CodeIgniter.php(353): CodeIgniter\CodeIgniter->handleRequest(null, Object(Config\Cache), false)
 8 FCPATH\index.php(79): CodeIgniter\CodeIgniter->run()
 9 SYSTEMPATH\Commands\Server\rewrite.php(47): require_once('C:\\teste_api_codeigniter\\public\\index.php')
CRITICAL - 2023-10-11 19:03:43 --> Class "CodeIgniter\Database\pgsql\Connection" not found
in SYSTEMPATH\Database\Database.php on line 137.
 1 SYSTEMPATH\Database\Database.php(55): CodeIgniter\Database\Database->initDriver('pgsql', 'Connection', [...])
 2 SYSTEMPATH\Database\Config.php(81): CodeIgniter\Database\Database->load([...], 'default')
 3 SYSTEMPATH\Model.php(151): CodeIgniter\Database\Config::connect('default')
 4 APPPATH\Controllers\UserController.php(14): CodeIgniter\Model->__construct()
 5 SYSTEMPATH\CodeIgniter.php(891): App\Controllers\UserController->__construct()
 6 SYSTEMPATH\CodeIgniter.php(485): CodeIgniter\CodeIgniter->createController()
 7 SYSTEMPATH\CodeIgniter.php(353): CodeIgniter\CodeIgniter->handleRequest(null, Object(Config\Cache), false)
 8 FCPATH\index.php(79): CodeIgniter\CodeIgniter->run()
 9 SYSTEMPATH\Commands\Server\rewrite.php(47): require_once('C:\\teste_api_codeigniter\\public\\index.php')
CRITICAL - 2023-10-11 19:05:25 --> Class "CodeIgniter\Database\pgsql\Connection" not found
in SYSTEMPATH\Database\Database.php on line 137.
 1 SYSTEMPATH\Database\Database.php(55): CodeIgniter\Database\Database->initDriver('pgsql', 'Connection', [...])
 2 SYSTEMPATH\Database\Config.php(81): CodeIgniter\Database\Database->load([...], 'default')
 3 SYSTEMPATH\Common.php(363): CodeIgniter\Database\Config::connect('default', true)
 4 SYSTEMPATH\Database\MigrationRunner.php(151): db_connect(null)
 5 SYSTEMPATH\Config\Services.php(416): CodeIgniter\Database\MigrationRunner->__construct(null, null)
 6 SYSTEMPATH\Config\BaseService.php(258): CodeIgniter\Config\Services::migrations(Object(Config\Migrations), null, false)
 7 SYSTEMPATH\Config\BaseService.php(199): CodeIgniter\Config\BaseService::__callStatic('migrations', [...])
 8 SYSTEMPATH\Config\Services.php(411): CodeIgniter\Config\BaseService::getSharedInstance('migrations', null, null)
 9 SYSTEMPATH\Config\BaseService.php(258): CodeIgniter\Config\Services::migrations()
10 SYSTEMPATH\Commands\Database\Migrate.php(69): CodeIgniter\Config\BaseService::__callStatic('migrations', [])
11 SYSTEMPATH\CLI\Commands.php(65): CodeIgniter\Commands\Database\Migrate->run([])
12 SYSTEMPATH\CLI\Console.php(37): CodeIgniter\CLI\Commands->run('migrate', [])
13 ROOTPATH\spark(102): CodeIgniter\CLI\Console->run()
CRITICAL - 2023-10-11 19:07:50 --> Class "CodeIgniter\Database\pgsql\Connection" not found
in SYSTEMPATH\Database\Database.php on line 137.
 1 SYSTEMPATH\Database\Database.php(55): CodeIgniter\Database\Database->initDriver('pgsql', 'Connection', [...])
 2 SYSTEMPATH\Database\Config.php(81): CodeIgniter\Database\Database->load([...], 'default')
 3 SYSTEMPATH\Common.php(363): CodeIgniter\Database\Config::connect('default', true)
 4 SYSTEMPATH\Database\MigrationRunner.php(151): db_connect(null)
 5 SYSTEMPATH\Config\Services.php(416): CodeIgniter\Database\MigrationRunner->__construct(null, null)
 6 SYSTEMPATH\Config\BaseService.php(258): CodeIgniter\Config\Services::migrations(Object(Config\Migrations), null, false)
 7 SYSTEMPATH\Config\BaseService.php(199): CodeIgniter\Config\BaseService::__callStatic('migrations', [...])
 8 SYSTEMPATH\Config\Services.php(411): CodeIgniter\Config\BaseService::getSharedInstance('migrations', null, null)
 9 SYSTEMPATH\Config\BaseService.php(258): CodeIgniter\Config\Services::migrations()
10 SYSTEMPATH\Commands\Database\Migrate.php(69): CodeIgniter\Config\BaseService::__callStatic('migrations', [])
11 SYSTEMPATH\CLI\Commands.php(65): CodeIgniter\Commands\Database\Migrate->run([])
12 SYSTEMPATH\CLI\Console.php(37): CodeIgniter\CLI\Commands->run('migrate', [])
13 ROOTPATH\spark(102): CodeIgniter\CLI\Console->run()
CRITICAL - 2023-10-11 19:07:58 --> Class "CodeIgniter\Database\pgsql\Connection" not found
in SYSTEMPATH\Database\Database.php on line 137.
 1 SYSTEMPATH\Database\Database.php(55): CodeIgniter\Database\Database->initDriver('pgsql', 'Connection', [...])
 2 SYSTEMPATH\Database\Config.php(81): CodeIgniter\Database\Database->load([...], 'default')
 3 SYSTEMPATH\Model.php(151): CodeIgniter\Database\Config::connect('default')
 4 APPPATH\Controllers\UserController.php(14): CodeIgniter\Model->__construct()
 5 SYSTEMPATH\CodeIgniter.php(891): App\Controllers\UserController->__construct()
 6 SYSTEMPATH\CodeIgniter.php(485): CodeIgniter\CodeIgniter->createController()
 7 SYSTEMPATH\CodeIgniter.php(353): CodeIgniter\CodeIgniter->handleRequest(null, Object(Config\Cache), false)
 8 FCPATH\index.php(79): CodeIgniter\CodeIgniter->run()
 9 SYSTEMPATH\Commands\Server\rewrite.php(47): require_once('C:\\teste_api_codeigniter\\public\\index.php')
CRITICAL - 2023-10-11 19:44:54 --> Class "CodeIgniter\Database\pgsql\Connection" not found
in SYSTEMPATH\Database\Database.php on line 137.
 1 SYSTEMPATH\Database\Database.php(55): CodeIgniter\Database\Database->initDriver('pgsql', 'Connection', [...])
 2 SYSTEMPATH\Database\Config.php(81): CodeIgniter\Database\Database->load([...], 'default')
 3 SYSTEMPATH\Model.php(151): CodeIgniter\Database\Config::connect('default')
 4 APPPATH\Controllers\UserController.php(14): CodeIgniter\Model->__construct()
 5 SYSTEMPATH\CodeIgniter.php(891): App\Controllers\UserController->__construct()
 6 SYSTEMPATH\CodeIgniter.php(485): CodeIgniter\CodeIgniter->createController()
 7 SYSTEMPATH\CodeIgniter.php(353): CodeIgniter\CodeIgniter->handleRequest(null, Object(Config\Cache), false)
 8 FCPATH\index.php(79): CodeIgniter\CodeIgniter->run()
 9 SYSTEMPATH\Commands\Server\rewrite.php(47): require_once('C:\\teste_api_codeigniter\\public\\index.php')
CRITICAL - 2023-10-11 19:51:30 --> Call to undefined function App\Controllers\views()
in APPPATH\Controllers\UserController.php on line 19.
 1 SYSTEMPATH\CodeIgniter.php(919): App\Controllers\UserController->index()
 2 SYSTEMPATH\CodeIgniter.php(494): CodeIgniter\CodeIgniter->runController(Object(App\Controllers\UserController))
 3 SYSTEMPATH\CodeIgniter.php(353): CodeIgniter\CodeIgniter->handleRequest(null, Object(Config\Cache), false)
 4 FCPATH\index.php(79): CodeIgniter\CodeIgniter->run()
 5 SYSTEMPATH\Commands\Server\rewrite.php(47): require_once('C:\\teste_api_codeigniter\\public\\index.php')
CRITICAL - 2023-10-11 19:52:31 --> Call to undefined function App\Controllers\views()
in APPPATH\Controllers\UserController.php on line 19.
 1 SYSTEMPATH\CodeIgniter.php(919): App\Controllers\UserController->index()
 2 SYSTEMPATH\CodeIgniter.php(494): CodeIgniter\CodeIgniter->runController(Object(App\Controllers\UserController))
 3 SYSTEMPATH\CodeIgniter.php(353): CodeIgniter\CodeIgniter->handleRequest(null, Object(Config\Cache), false)
 4 FCPATH\index.php(79): CodeIgniter\CodeIgniter->run()
 5 SYSTEMPATH\Commands\Server\rewrite.php(47): require_once('C:\\teste_api_codeigniter\\public\\index.php')
CRITICAL - 2023-10-11 19:52:33 --> Call to undefined function App\Controllers\views()
in APPPATH\Controllers\UserController.php on line 19.
 1 SYSTEMPATH\CodeIgniter.php(919): App\Controllers\UserController->index()
 2 SYSTEMPATH\CodeIgniter.php(494): CodeIgniter\CodeIgniter->runController(Object(App\Controllers\UserController))
 3 SYSTEMPATH\CodeIgniter.php(353): CodeIgniter\CodeIgniter->handleRequest(null, Object(Config\Cache), false)
 4 FCPATH\index.php(79): CodeIgniter\CodeIgniter->run()
 5 SYSTEMPATH\Commands\Server\rewrite.php(47): require_once('C:\\teste_api_codeigniter\\public\\index.php')
CRITICAL - 2023-10-11 20:08:07 --> Undefined constant "users"
in APPPATH\Views\users.php on line 10.
 1 SYSTEMPATH\View\View.php(226): include()
 2 SYSTEMPATH\View\View.php(229): CodeIgniter\View\View->CodeIgniter\View\{closure}()
 3 SYSTEMPATH\Common.php(1188): CodeIgniter\View\View->render('users', [], true)
 4 APPPATH\Controllers\UserController.php(19): view('users')
 5 SYSTEMPATH\CodeIgniter.php(919): App\Controllers\UserController->index()
 6 SYSTEMPATH\CodeIgniter.php(494): CodeIgniter\CodeIgniter->runController(Object(App\Controllers\UserController))
 7 SYSTEMPATH\CodeIgniter.php(353): CodeIgniter\CodeIgniter->handleRequest(null, Object(Config\Cache), false)
 8 FCPATH\index.php(79): CodeIgniter\CodeIgniter->run()
 9 SYSTEMPATH\Commands\Server\rewrite.php(47): require_once('C:\\teste_api_codeigniter\\public\\index.php')
CRITICAL - 2023-10-11 20:08:10 --> Undefined constant "users"
in APPPATH\Views\users.php on line 10.
 1 SYSTEMPATH\View\View.php(226): include()
 2 SYSTEMPATH\View\View.php(229): CodeIgniter\View\View->CodeIgniter\View\{closure}()
 3 SYSTEMPATH\Common.php(1188): CodeIgniter\View\View->render('users', [], true)
 4 APPPATH\Controllers\UserController.php(19): view('users')
 5 SYSTEMPATH\CodeIgniter.php(919): App\Controllers\UserController->index()
 6 SYSTEMPATH\CodeIgniter.php(494): CodeIgniter\CodeIgniter->runController(Object(App\Controllers\UserController))
 7 SYSTEMPATH\CodeIgniter.php(353): CodeIgniter\CodeIgniter->handleRequest(null, Object(Config\Cache), false)
 8 FCPATH\index.php(79): CodeIgniter\CodeIgniter->run()
 9 SYSTEMPATH\Commands\Server\rewrite.php(47): require_once('C:\\teste_api_codeigniter\\public\\index.php')
CRITICAL - 2023-10-11 20:08:27 --> Undefined constant "users"
in APPPATH\Views\users.php on line 10.
 1 SYSTEMPATH\View\View.php(226): include()
 2 SYSTEMPATH\View\View.php(229): CodeIgniter\View\View->CodeIgniter\View\{closure}()
 3 SYSTEMPATH\Common.php(1188): CodeIgniter\View\View->render('users', [], true)
 4 APPPATH\Controllers\UserController.php(19): view('users')
 5 SYSTEMPATH\CodeIgniter.php(919): App\Controllers\UserController->index()
 6 SYSTEMPATH\CodeIgniter.php(494): CodeIgniter\CodeIgniter->runController(Object(App\Controllers\UserController))
 7 SYSTEMPATH\CodeIgniter.php(353): CodeIgniter\CodeIgniter->handleRequest(null, Object(Config\Cache), false)
 8 FCPATH\index.php(79): CodeIgniter\CodeIgniter->run()
 9 SYSTEMPATH\Commands\Server\rewrite.php(47): require_once('C:\\teste_api_codeigniter\\public\\index.php')
CRITICAL - 2023-10-11 20:10:23 --> Undefined constant "users"
in APPPATH\Views\users.php on line 10.
 1 SYSTEMPATH\View\View.php(226): include()
 2 SYSTEMPATH\View\View.php(229): CodeIgniter\View\View->CodeIgniter\View\{closure}()
 3 SYSTEMPATH\Common.php(1188): CodeIgniter\View\View->render('users', [], true)
 4 APPPATH\Controllers\UserController.php(20): view('users', [...])
 5 SYSTEMPATH\CodeIgniter.php(919): App\Controllers\UserController->index()
 6 SYSTEMPATH\CodeIgniter.php(494): CodeIgniter\CodeIgniter->runController(Object(App\Controllers\UserController))
 7 SYSTEMPATH\CodeIgniter.php(353): CodeIgniter\CodeIgniter->handleRequest(null, Object(Config\Cache), false)
 8 FCPATH\index.php(79): CodeIgniter\CodeIgniter->run()
 9 SYSTEMPATH\Commands\Server\rewrite.php(47): require_once('C:\\teste_api_codeigniter\\public\\index.php')
CRITICAL - 2023-10-11 20:10:25 --> Undefined constant "users"
in APPPATH\Views\users.php on line 10.
 1 SYSTEMPATH\View\View.php(226): include()
 2 SYSTEMPATH\View\View.php(229): CodeIgniter\View\View->CodeIgniter\View\{closure}()
 3 SYSTEMPATH\Common.php(1188): CodeIgniter\View\View->render('users', [], true)
 4 APPPATH\Controllers\UserController.php(20): view('users', [...])
 5 SYSTEMPATH\CodeIgniter.php(919): App\Controllers\UserController->index()
 6 SYSTEMPATH\CodeIgniter.php(494): CodeIgniter\CodeIgniter->runController(Object(App\Controllers\UserController))
 7 SYSTEMPATH\CodeIgniter.php(353): CodeIgniter\CodeIgniter->handleRequest(null, Object(Config\Cache), false)
 8 FCPATH\index.php(79): CodeIgniter\CodeIgniter->run()
 9 SYSTEMPATH\Commands\Server\rewrite.php(47): require_once('C:\\teste_api_codeigniter\\public\\index.php')
CRITICAL - 2023-10-11 20:10:26 --> Undefined constant "users"
in APPPATH\Views\users.php on line 10.
 1 SYSTEMPATH\View\View.php(226): include()
 2 SYSTEMPATH\View\View.php(229): CodeIgniter\View\View->CodeIgniter\View\{closure}()
 3 SYSTEMPATH\Common.php(1188): CodeIgniter\View\View->render('users', [], true)
 4 APPPATH\Controllers\UserController.php(20): view('users', [...])
 5 SYSTEMPATH\CodeIgniter.php(919): App\Controllers\UserController->index()
 6 SYSTEMPATH\CodeIgniter.php(494): CodeIgniter\CodeIgniter->runController(Object(App\Controllers\UserController))
 7 SYSTEMPATH\CodeIgniter.php(353): CodeIgniter\CodeIgniter->handleRequest(null, Object(Config\Cache), false)
 8 FCPATH\index.php(79): CodeIgniter\CodeIgniter->run()
 9 SYSTEMPATH\Commands\Server\rewrite.php(47): require_once('C:\\teste_api_codeigniter\\public\\index.php')
CRITICAL - 2023-10-11 20:10:57 --> Array to string conversion
in APPPATH\Views\users.php on line 10.
 1 APPPATH\Views\users.php(10): CodeIgniter\Debug\Exceptions->errorHandler(2, 'Array to string conversion', 'C:\\teste_api_codeigniter\\app\\Views\\users.php', 10)
 2 SYSTEMPATH\View\View.php(226): include('C:\\teste_api_codeigniter\\app\\Views\\users.php')
 3 SYSTEMPATH\View\View.php(229): CodeIgniter\View\View->CodeIgniter\View\{closure}()
 4 SYSTEMPATH\Common.php(1188): CodeIgniter\View\View->render('users', [], true)
 5 APPPATH\Controllers\UserController.php(20): view('users', [...])
 6 SYSTEMPATH\CodeIgniter.php(919): App\Controllers\UserController->index()
 7 SYSTEMPATH\CodeIgniter.php(494): CodeIgniter\CodeIgniter->runController(Object(App\Controllers\UserController))
 8 SYSTEMPATH\CodeIgniter.php(353): CodeIgniter\CodeIgniter->handleRequest(null, Object(Config\Cache), false)
 9 FCPATH\index.php(79): CodeIgniter\CodeIgniter->run()
10 SYSTEMPATH\Commands\Server\rewrite.php(47): require_once('C:\\teste_api_codeigniter\\public\\index.php')
ERROR - 2023-10-11 20:24:02 --> Error connecting to the database: ErrorException: pg_connect(): Unable to connect to PostgreSQL server: FATAL:  database "DB_DEV_API" does not exist in C:\teste_api_codeigniter\system\Database\Postgre\Connection.php:72
Stack trace:
#0 [internal function]: CodeIgniter\Debug\Exceptions->errorHandler(2, 'pg_connect(): U...', 'C:\\teste_api_co...', 72)
#1 C:\teste_api_codeigniter\system\Database\Postgre\Connection.php(72): pg_connect('host=127.0.0.1 ...')
#2 C:\teste_api_codeigniter\system\Database\BaseConnection.php(391): CodeIgniter\Database\Postgre\Connection->connect(false)
#3 C:\teste_api_codeigniter\system\Database\BaseConnection.php(574): CodeIgniter\Database\BaseConnection->initialize()
#4 C:\teste_api_codeigniter\system\Database\BaseConnection.php(1409): CodeIgniter\Database\BaseConnection->query('SELECT "table_n...')
#5 C:\teste_api_codeigniter\system\Database\BaseConnection.php(1428): CodeIgniter\Database\BaseConnection->listTables()
#6 C:\teste_api_codeigniter\system\Database\MigrationRunner.php(768): CodeIgniter\Database\BaseConnection->tableExists('migrations')
#7 C:\teste_api_codeigniter\system\Database\MigrationRunner.php(168): CodeIgniter\Database\MigrationRunner->ensureTable()
#8 C:\teste_api_codeigniter\system\Commands\Database\Migrate.php(84): CodeIgniter\Database\MigrationRunner->latest(NULL)
#9 C:\teste_api_codeigniter\system\CLI\Commands.php(65): CodeIgniter\Commands\Database\Migrate->run(Array)
#10 C:\teste_api_codeigniter\system\CLI\Console.php(37): CodeIgniter\CLI\Commands->run('migrate', Array)
#11 C:\teste_api_codeigniter\spark(102): CodeIgniter\CLI\Console->run()
#12 {main}
ERROR - 2023-10-11 20:25:19 --> Error connecting to the database: ErrorException: pg_connect(): Unable to connect to PostgreSQL server: FATAL:  database &quot;DB_DEV_API&quot; does not exist in C:\teste_api_codeigniter\system\Database\Postgre\Connection.php:72
Stack trace:
#0 [internal function]: CodeIgniter\Debug\Exceptions->errorHandler(2, 'pg_connect(): U...', 'C:\\teste_api_co...', 72)
#1 C:\teste_api_codeigniter\system\Database\Postgre\Connection.php(72): pg_connect('host=127.0.0.1 ...')
#2 C:\teste_api_codeigniter\system\Database\BaseConnection.php(391): CodeIgniter\Database\Postgre\Connection->connect(false)
#3 C:\teste_api_codeigniter\system\Database\BaseConnection.php(574): CodeIgniter\Database\BaseConnection->initialize()
#4 C:\teste_api_codeigniter\system\Database\BaseBuilder.php(1615): CodeIgniter\Database\BaseConnection->query('SELECT *\nFROM "...', Array, false)
#5 C:\teste_api_codeigniter\system\Model.php(237): CodeIgniter\Database\BaseBuilder->get()
#6 C:\teste_api_codeigniter\system\BaseModel.php(624): CodeIgniter\Model->doFindAll(0, 0)
#7 C:\teste_api_codeigniter\app\Controllers\UserController.php(20): CodeIgniter\BaseModel->findAll()
#8 C:\teste_api_codeigniter\system\CodeIgniter.php(919): App\Controllers\UserController->index()
#9 C:\teste_api_codeigniter\system\CodeIgniter.php(494): CodeIgniter\CodeIgniter->runController(Object(App\Controllers\UserController))
#10 C:\teste_api_codeigniter\system\CodeIgniter.php(353): CodeIgniter\CodeIgniter->handleRequest(NULL, Object(Config\Cache), false)
#11 C:\teste_api_codeigniter\public\index.php(79): CodeIgniter\CodeIgniter->run()
#12 C:\teste_api_codeigniter\system\Commands\Server\rewrite.php(47): require_once('C:\\teste_api_co...')
#13 {main}
CRITICAL - 2023-10-11 20:25:19 --> Unable to connect to the database.
Main connection [postgre]: pg_connect(): Unable to connect to PostgreSQL server: FATAL:  database &quot;DB_DEV_API&quot; does not exist
in SYSTEMPATH\Database\BaseConnection.php on line 427.
 1 SYSTEMPATH\Database\BaseConnection.php(574): CodeIgniter\Database\BaseConnection->initialize()
 2 SYSTEMPATH\Database\BaseBuilder.php(1615): CodeIgniter\Database\BaseConnection->query('SELECT *
FROM "users"', [], false)
 3 SYSTEMPATH\Model.php(237): CodeIgniter\Database\BaseBuilder->get()
 4 SYSTEMPATH\BaseModel.php(624): CodeIgniter\Model->doFindAll(0, 0)
 5 APPPATH\Controllers\UserController.php(20): CodeIgniter\BaseModel->findAll()
 6 SYSTEMPATH\CodeIgniter.php(919): App\Controllers\UserController->index()
 7 SYSTEMPATH\CodeIgniter.php(494): CodeIgniter\CodeIgniter->runController(Object(App\Controllers\UserController))
 8 SYSTEMPATH\CodeIgniter.php(353): CodeIgniter\CodeIgniter->handleRequest(null, Object(Config\Cache), false)
 9 FCPATH\index.php(79): CodeIgniter\CodeIgniter->run()
10 SYSTEMPATH\Commands\Server\rewrite.php(47): require_once('C:\\teste_api_codeigniter\\public\\index.php')
ERROR - 2023-10-11 20:27:31 --> Error connecting to the database: ErrorException: pg_connect(): Unable to connect to PostgreSQL server: FATAL:  database "DB_DEV_API" does not exist in C:\teste_api_codeigniter\system\Database\Postgre\Connection.php:72
Stack trace:
#0 [internal function]: CodeIgniter\Debug\Exceptions->errorHandler(2, 'pg_connect(): U...', 'C:\\teste_api_co...', 72)
#1 C:\teste_api_codeigniter\system\Database\Postgre\Connection.php(72): pg_connect('host=127.0.0.1 ...')
#2 C:\teste_api_codeigniter\system\Database\BaseConnection.php(391): CodeIgniter\Database\Postgre\Connection->connect(false)
#3 C:\teste_api_codeigniter\system\Database\BaseConnection.php(574): CodeIgniter\Database\BaseConnection->initialize()
#4 C:\teste_api_codeigniter\system\Database\BaseConnection.php(1409): CodeIgniter\Database\BaseConnection->query('SELECT "table_n...')
#5 C:\teste_api_codeigniter\system\Database\BaseConnection.php(1428): CodeIgniter\Database\BaseConnection->listTables()
#6 C:\teste_api_codeigniter\system\Database\MigrationRunner.php(768): CodeIgniter\Database\BaseConnection->tableExists('migrations')
#7 C:\teste_api_codeigniter\system\Database\MigrationRunner.php(168): CodeIgniter\Database\MigrationRunner->ensureTable()
#8 C:\teste_api_codeigniter\system\Commands\Database\Migrate.php(84): CodeIgniter\Database\MigrationRunner->latest(NULL)
#9 C:\teste_api_codeigniter\system\CLI\Commands.php(65): CodeIgniter\Commands\Database\Migrate->run(Array)
#10 C:\teste_api_codeigniter\system\CLI\Console.php(37): CodeIgniter\CLI\Commands->run('migrate', Array)
#11 C:\teste_api_codeigniter\spark(102): CodeIgniter\CLI\Console->run()
#12 {main}
